2025-05-28 11:40:10.529 [main] INFO  com.hgh.weblog.web.WeblogWebApplication - Starting WeblogWebApplication using Java 1.8.0_301 on DESKTOP-RG5H3U6 with PID 4100 (E:\IDEA\weblog\weblog-springboot\weblog-web\target\classes started by 胡国海 in E:\IDEA\weblog\weblog-springboot)
2025-05-28 11:40:10.531 [main] INFO  com.hgh.weblog.web.WeblogWebApplication - The following profiles are active: prod
2025-05-28 11:40:11.235 [main] INFO  o.s.boot.web.embedded.tomcat.TomcatWebServer - Tomcat initialized with port(s): 8080 (http)
2025-05-28 11:40:11.236 [main] INFO  org.apache.catalina.core.AprLifecycleListener - Loaded Apache Tomcat Native library [1.2.35] using APR version [1.7.0].
2025-05-28 11:40:11.236 [main] INFO  org.apache.catalina.core.AprLifecycleListener - APR capabilities: IPv6 [true], sendfile [true], accept filters [false], random [true], UDS [true].
2025-05-28 11:40:11.238 [main] INFO  org.apache.catalina.core.AprLifecycleListener - APR/OpenSSL configuration: useAprConnector [false], useOpenSSL [true]
2025-05-28 11:40:11.241 [main] INFO  org.apache.catalina.core.AprLifecycleListener - OpenSSL successfully initialized [OpenSSL 1.1.1q  5 Jul 2022]
2025-05-28 11:40:11.248 [main] INFO  org.apache.catalina.core.StandardService - Starting service [Tomcat]
2025-05-28 11:40:11.249 [main] INFO  org.apache.catalina.core.StandardEngine - Starting Servlet engine: [Apache Tomcat/9.0.56]
2025-05-28 11:40:11.318 [main] INFO  o.a.c.core.ContainerBase.[Tomcat].[localhost].[/] - Initializing Spring embedded WebApplicationContext
2025-05-28 11:40:11.318 [main] INFO  o.s.b.w.s.c.ServletWebServerApplicationContext - Root WebApplicationContext: initialization completed in 752 ms
2025-05-28 11:40:11.645 [main] INFO  o.s.boot.web.embedded.tomcat.TomcatWebServer - Tomcat started on port(s): 8080 (http) with context path ''
2025-05-28 11:40:11.652 [main] INFO  com.hgh.weblog.web.WeblogWebApplication - Started WeblogWebApplication in 1.676 seconds (JVM running for 2.784)
2025-05-28 11:42:40.590 [main] INFO  com.hgh.weblog.web.WeblogWebApplicationTests - Starting WeblogWebApplicationTests using Java 1.8.0_301 on DESKTOP-RG5H3U6 with PID 7868 (started by 胡国海 in E:\IDEA\weblog\weblog-springboot\weblog-web)
2025-05-28 11:42:40.591 [main] INFO  com.hgh.weblog.web.WeblogWebApplicationTests - The following profiles are active: prod
2025-05-28 11:42:42.385 [main] INFO  com.hgh.weblog.web.WeblogWebApplicationTests - Started WeblogWebApplicationTests in 2.484 seconds (JVM running for 3.97)
2025-05-28 11:42:42.655 [main] INFO  com.hgh.weblog.web.WeblogWebApplicationTests - 这是一行 Info 级别日志
2025-05-28 11:42:42.655 [main] ERROR com.hgh.weblog.web.WeblogWebApplicationTests - 这是一行 Error 级别日志
2025-05-28 11:42:42.655 [main] WARN  com.hgh.weblog.web.WeblogWebApplicationTests - 这是一行 Warn 级别日志
2025-05-28 11:42:42.655 [main] INFO  com.hgh.weblog.web.WeblogWebApplicationTests - 这是一行带有占位符日志， 内容：测试
[TraceId: ] 2025-05-28 21:40:35.411 [main] INFO  com.hgh.weblog.web.WeblogWebApplication - Starting WeblogWebApplication using Java 1.8.0_301 on DESKTOP-RG5H3U6 with PID 4672 (E:\IDEA\weblog\weblog-springboot\weblog-web\target\classes started by 胡国海 in E:\IDEA\weblog\weblog-springboot)
[TraceId: ] 2025-05-28 21:40:35.414 [main] INFO  com.hgh.weblog.web.WeblogWebApplication - The following profiles are active: prod
[TraceId: ] 2025-05-28 21:40:36.461 [main] INFO  o.s.boot.web.embedded.tomcat.TomcatWebServer - Tomcat initialized with port(s): 8080 (http)
[TraceId: ] 2025-05-28 21:40:36.462 [main] INFO  org.apache.catalina.core.AprLifecycleListener - Loaded Apache Tomcat Native library [1.2.35] using APR version [1.7.0].
[TraceId: ] 2025-05-28 21:40:36.462 [main] INFO  org.apache.catalina.core.AprLifecycleListener - APR capabilities: IPv6 [true], sendfile [true], accept filters [false], random [true], UDS [true].
[TraceId: ] 2025-05-28 21:40:36.462 [main] INFO  org.apache.catalina.core.AprLifecycleListener - APR/OpenSSL configuration: useAprConnector [false], useOpenSSL [true]
[TraceId: ] 2025-05-28 21:40:36.466 [main] INFO  org.apache.catalina.core.AprLifecycleListener - OpenSSL successfully initialized [OpenSSL 1.1.1q  5 Jul 2022]
[TraceId: ] 2025-05-28 21:40:36.475 [main] INFO  org.apache.catalina.core.StandardService - Starting service [Tomcat]
[TraceId: ] 2025-05-28 21:40:36.475 [main] INFO  org.apache.catalina.core.StandardEngine - Starting Servlet engine: [Apache Tomcat/9.0.56]
[TraceId: ] 2025-05-28 21:40:36.550 [main] INFO  o.a.c.core.ContainerBase.[Tomcat].[localhost].[/] - Initializing Spring embedded WebApplicationContext
[TraceId: ] 2025-05-28 21:40:36.551 [main] INFO  o.s.b.w.s.c.ServletWebServerApplicationContext - Root WebApplicationContext: initialization completed in 1090 ms
[TraceId: ] 2025-05-28 21:40:36.986 [main] INFO  o.s.boot.web.embedded.tomcat.TomcatWebServer - Tomcat started on port(s): 8080 (http) with context path ''
[TraceId: ] 2025-05-28 21:40:36.995 [main] INFO  com.hgh.weblog.web.WeblogWebApplication - Started WeblogWebApplication in 2.211 seconds (JVM running for 3.414)
[TraceId: ] 2025-05-28 21:41:04.085 [http-nio-8080-exec-1] INFO  o.a.c.core.ContainerBase.[Tomcat].[localhost].[/] - Initializing Spring DispatcherServlet 'dispatcherServlet'
[TraceId: ] 2025-05-28 21:41:04.086 [http-nio-8080-exec-1] INFO  org.springframework.web.servlet.DispatcherServlet - Initializing Servlet 'dispatcherServlet'
[TraceId: ] 2025-05-28 21:41:04.086 [http-nio-8080-exec-1] INFO  org.springframework.web.servlet.DispatcherServlet - Completed initialization in 0 ms
[TraceId: 1e6fdeba-3d52-44e4-8405-a513d89e54bf] 2025-05-28 21:41:04.216 [http-nio-8080-exec-1] INFO  com.hgh.weblog.common.aspect.ApiOperationLogAspect - ====== 请求开始: [测试接口], 入参: {"username":"admin","sex":1}, 请求类: TestController, 请求方法: test =================================== 
[TraceId: 1e6fdeba-3d52-44e4-8405-a513d89e54bf] 2025-05-28 21:41:04.228 [http-nio-8080-exec-1] INFO  com.hgh.weblog.common.aspect.ApiOperationLogAspect - ====== 请求结束: [测试接口], 耗时: 32ms, 出参: {"username":"admin","sex":1} =================================== 
